<?xml version="1.0" encoding="UTF-8"?>
<testsuite xmlns:xsi="http://www.w3.org/2001/XMLSchema-instance" xsi:noNamespaceSchemaLocation="https://maven.apache.org/surefire/maven-surefire-plugin/xsd/surefire-test-report.xsd" name="com.example.spba.SpbaApiTest" time="9.787" tests="7" errors="5" skipped="0" failures="0">
  <properties>
    <property name="sun.desktop" value="windows"/>
    <property name="awt.toolkit" value="sun.awt.windows.WToolkit"/>
    <property name="java.specification.version" value="11"/>
    <property name="sun.cpu.isalist" value="amd64"/>
    <property name="sun.jnu.encoding" value="GBK"/>
    <property name="java.class.path" value="E:\JavaOpject\SpringBoot-Admin\target\test-classes;E:\JavaOpject\SpringBoot-Admin\target\classes;C:\Users\12092\.m2\repository\org\springframework\boot\spring-boot-starter-web\2.5.2\spring-boot-starter-web-2.5.2.jar;C:\Users\12092\.m2\repository\org\springframework\boot\spring-boot-starter\2.5.2\spring-boot-starter-2.5.2.jar;C:\Users\12092\.m2\repository\org\springframework\boot\spring-boot\2.5.2\spring-boot-2.5.2.jar;C:\Users\12092\.m2\repository\org\springframework\boot\spring-boot-starter-logging\2.5.2\spring-boot-starter-logging-2.5.2.jar;C:\Users\12092\.m2\repository\ch\qos\logback\logback-classic\1.2.3\logback-classic-1.2.3.jar;C:\Users\12092\.m2\repository\ch\qos\logback\logback-core\1.2.3\logback-core-1.2.3.jar;C:\Users\12092\.m2\repository\org\apache\logging\log4j\log4j-to-slf4j\2.14.1\log4j-to-slf4j-2.14.1.jar;C:\Users\12092\.m2\repository\org\apache\logging\log4j\log4j-api\2.14.1\log4j-api-2.14.1.jar;C:\Users\12092\.m2\repository\org\slf4j\jul-to-slf4j\1.7.31\jul-to-slf4j-1.7.31.jar;C:\Users\12092\.m2\repository\jakarta\annotation\jakarta.annotation-api\1.3.5\jakarta.annotation-api-1.3.5.jar;C:\Users\12092\.m2\repository\org\yaml\snakeyaml\1.28\snakeyaml-1.28.jar;C:\Users\12092\.m2\repository\org\springframework\boot\spring-boot-starter-json\2.5.2\spring-boot-starter-json-2.5.2.jar;C:\Users\12092\.m2\repository\com\fasterxml\jackson\core\jackson-databind\2.12.3\jackson-databind-2.12.3.jar;C:\Users\12092\.m2\repository\com\fasterxml\jackson\core\jackson-annotations\2.12.3\jackson-annotations-2.12.3.jar;C:\Users\12092\.m2\repository\com\fasterxml\jackson\datatype\jackson-datatype-jdk8\2.12.3\jackson-datatype-jdk8-2.12.3.jar;C:\Users\12092\.m2\repository\com\fasterxml\jackson\datatype\jackson-datatype-jsr310\2.12.3\jackson-datatype-jsr310-2.12.3.jar;C:\Users\12092\.m2\repository\com\fasterxml\jackson\module\jackson-module-parameter-names\2.12.3\jackson-module-parameter-names-2.12.3.jar;C:\Users\12092\.m2\repository\org\springframework\boot\spring-boot-starter-tomcat\2.5.2\spring-boot-starter-tomcat-2.5.2.jar;C:\Users\12092\.m2\repository\org\apache\tomcat\embed\tomcat-embed-core\9.0.48\tomcat-embed-core-9.0.48.jar;C:\Users\12092\.m2\repository\org\apache\tomcat\embed\tomcat-embed-websocket\9.0.48\tomcat-embed-websocket-9.0.48.jar;C:\Users\12092\.m2\repository\org\springframework\spring-web\5.3.8\spring-web-5.3.8.jar;C:\Users\12092\.m2\repository\org\springframework\spring-beans\5.3.8\spring-beans-5.3.8.jar;C:\Users\12092\.m2\repository\org\springframework\spring-webmvc\5.3.8\spring-webmvc-5.3.8.jar;C:\Users\12092\.m2\repository\org\springframework\spring-aop\5.3.8\spring-aop-5.3.8.jar;C:\Users\12092\.m2\repository\org\springframework\spring-context\5.3.8\spring-context-5.3.8.jar;C:\Users\12092\.m2\repository\org\springframework\spring-expression\5.3.8\spring-expression-5.3.8.jar;C:\Users\12092\.m2\repository\org\springframework\boot\spring-boot-starter-test\2.5.2\spring-boot-starter-test-2.5.2.jar;C:\Users\12092\.m2\repository\org\springframework\boot\spring-boot-test\2.5.2\spring-boot-test-2.5.2.jar;C:\Users\12092\.m2\repository\org\springframework\boot\spring-boot-test-autoconfigure\2.5.2\spring-boot-test-autoconfigure-2.5.2.jar;C:\Users\12092\.m2\repository\com\jayway\jsonpath\json-path\2.5.0\json-path-2.5.0.jar;C:\Users\12092\.m2\repository\net\minidev\json-smart\2.4.7\json-smart-2.4.7.jar;C:\Users\12092\.m2\repository\net\minidev\accessors-smart\2.4.7\accessors-smart-2.4.7.jar;C:\Users\12092\.m2\repository\org\ow2\asm\asm\9.1\asm-9.1.jar;C:\Users\12092\.m2\repository\jakarta\xml\bind\jakarta.xml.bind-api\2.3.3\jakarta.xml.bind-api-2.3.3.jar;C:\Users\12092\.m2\repository\jakarta\activation\jakarta.activation-api\1.2.2\jakarta.activation-api-1.2.2.jar;C:\Users\12092\.m2\repository\org\assertj\assertj-core\3.19.0\assertj-core-3.19.0.jar;C:\Users\12092\.m2\repository\org\hamcrest\hamcrest\2.2\hamcrest-2.2.jar;C:\Users\12092\.m2\repository\org\junit\jupiter\junit-jupiter\5.7.2\junit-jupiter-5.7.2.jar;C:\Users\12092\.m2\repository\org\junit\jupiter\junit-jupiter-api\5.7.2\junit-jupiter-api-5.7.2.jar;C:\Users\12092\.m2\repository\org\apiguardian\apiguardian-api\1.1.0\apiguardian-api-1.1.0.jar;C:\Users\12092\.m2\repository\org\opentest4j\opentest4j\1.2.0\opentest4j-1.2.0.jar;C:\Users\12092\.m2\repository\org\junit\platform\junit-platform-commons\1.7.2\junit-platform-commons-1.7.2.jar;C:\Users\12092\.m2\repository\org\junit\jupiter\junit-jupiter-params\5.7.2\junit-jupiter-params-5.7.2.jar;C:\Users\12092\.m2\repository\org\junit\jupiter\junit-jupiter-engine\5.7.2\junit-jupiter-engine-5.7.2.jar;C:\Users\12092\.m2\repository\org\junit\platform\junit-platform-engine\1.7.2\junit-platform-engine-1.7.2.jar;C:\Users\12092\.m2\repository\org\mockito\mockito-core\3.9.0\mockito-core-3.9.0.jar;C:\Users\12092\.m2\repository\net\bytebuddy\byte-buddy\1.10.22\byte-buddy-1.10.22.jar;C:\Users\12092\.m2\repository\net\bytebuddy\byte-buddy-agent\1.10.22\byte-buddy-agent-1.10.22.jar;C:\Users\12092\.m2\repository\org\objenesis\objenesis\3.2\objenesis-3.2.jar;C:\Users\12092\.m2\repository\org\mockito\mockito-junit-jupiter\3.9.0\mockito-junit-jupiter-3.9.0.jar;C:\Users\12092\.m2\repository\org\skyscreamer\jsonassert\1.5.0\jsonassert-1.5.0.jar;C:\Users\12092\.m2\repository\com\vaadin\external\google\android-json\0.0.20131108.vaadin1\android-json-0.0.20131108.vaadin1.jar;C:\Users\12092\.m2\repository\org\springframework\spring-core\5.3.8\spring-core-5.3.8.jar;C:\Users\12092\.m2\repository\org\springframework\spring-jcl\5.3.8\spring-jcl-5.3.8.jar;C:\Users\12092\.m2\repository\org\springframework\spring-test\5.3.8\spring-test-5.3.8.jar;C:\Users\12092\.m2\repository\org\xmlunit\xmlunit-core\2.8.2\xmlunit-core-2.8.2.jar;C:\Users\12092\.m2\repository\org\springframework\boot\spring-boot-starter-validation\2.5.2\spring-boot-starter-validation-2.5.2.jar;C:\Users\12092\.m2\repository\org\apache\tomcat\embed\tomcat-embed-el\9.0.48\tomcat-embed-el-9.0.48.jar;C:\Users\12092\.m2\repository\org\hibernate\validator\hibernate-validator\6.2.0.Final\hibernate-validator-6.2.0.Final.jar;C:\Users\12092\.m2\repository\jakarta\validation\jakarta.validation-api\2.0.2\jakarta.validation-api-2.0.2.jar;C:\Users\12092\.m2\repository\org\jboss\logging\jboss-logging\3.4.2.Final\jboss-logging-3.4.2.Final.jar;C:\Users\12092\.m2\repository\com\fasterxml\classmate\1.5.1\classmate-1.5.1.jar;C:\Users\12092\.m2\repository\com\alibaba\fastjson\1.2.35\fastjson-1.2.35.jar;C:\Users\12092\.m2\repository\mysql\mysql-connector-java\8.0.25\mysql-connector-java-8.0.25.jar;C:\Users\12092\.m2\repository\com\alibaba\druid-spring-boot-starter\1.1.17\druid-spring-boot-starter-1.1.17.jar;C:\Users\12092\.m2\repository\com\alibaba\druid\1.1.17\druid-1.1.17.jar;C:\Users\12092\.m2\repository\org\slf4j\slf4j-api\1.7.31\slf4j-api-1.7.31.jar;C:\Users\12092\.m2\repository\org\springframework\boot\spring-boot-autoconfigure\2.5.2\spring-boot-autoconfigure-2.5.2.jar;C:\Users\12092\.m2\repository\com\baomidou\mybatis-plus-boot-starter\3.1.0\mybatis-plus-boot-starter-3.1.0.jar;C:\Users\12092\.m2\repository\com\baomidou\mybatis-plus\3.1.0\mybatis-plus-3.1.0.jar;C:\Users\12092\.m2\repository\com\baomidou\mybatis-plus-extension\3.1.0\mybatis-plus-extension-3.1.0.jar;C:\Users\12092\.m2\repository\com\baomidou\mybatis-plus-core\3.1.0\mybatis-plus-core-3.1.0.jar;C:\Users\12092\.m2\repository\com\baomidou\mybatis-plus-annotation\3.1.0\mybatis-plus-annotation-3.1.0.jar;C:\Users\12092\.m2\repository\org\mybatis\mybatis\3.5.0\mybatis-3.5.0.jar;C:\Users\12092\.m2\repository\com\github\jsqlparser\jsqlparser\1.4\jsqlparser-1.4.jar;C:\Users\12092\.m2\repository\org\mybatis\mybatis-spring\2.0.0\mybatis-spring-2.0.0.jar;C:\Users\12092\.m2\repository\org\springframework\boot\spring-boot-starter-jdbc\2.5.2\spring-boot-starter-jdbc-2.5.2.jar;C:\Users\12092\.m2\repository\com\zaxxer\HikariCP\4.0.3\HikariCP-4.0.3.jar;C:\Users\12092\.m2\repository\org\springframework\spring-jdbc\5.3.8\spring-jdbc-5.3.8.jar;C:\Users\12092\.m2\repository\org\springframework\boot\spring-boot-starter-data-redis\2.3.4.RELEASE\spring-boot-starter-data-redis-2.3.4.RELEASE.jar;C:\Users\12092\.m2\repository\org\springframework\data\spring-data-redis\2.5.2\spring-data-redis-2.5.2.jar;C:\Users\12092\.m2\repository\org\springframework\data\spring-data-keyvalue\2.5.2\spring-data-keyvalue-2.5.2.jar;C:\Users\12092\.m2\repository\org\springframework\spring-tx\5.3.8\spring-tx-5.3.8.jar;C:\Users\12092\.m2\repository\org\springframework\spring-oxm\5.3.8\spring-oxm-5.3.8.jar;C:\Users\12092\.m2\repository\org\springframework\spring-context-support\5.3.8\spring-context-support-5.3.8.jar;C:\Users\12092\.m2\repository\io\lettuce\lettuce-core\6.1.3.RELEASE\lettuce-core-6.1.3.RELEASE.jar;C:\Users\12092\.m2\repository\io\netty\netty-common\4.1.65.Final\netty-common-4.1.65.Final.jar;C:\Users\12092\.m2\repository\io\netty\netty-handler\4.1.65.Final\netty-handler-4.1.65.Final.jar;C:\Users\12092\.m2\repository\io\netty\netty-resolver\4.1.65.Final\netty-resolver-4.1.65.Final.jar;C:\Users\12092\.m2\repository\io\netty\netty-buffer\4.1.65.Final\netty-buffer-4.1.65.Final.jar;C:\Users\12092\.m2\repository\io\netty\netty-codec\4.1.65.Final\netty-codec-4.1.65.Final.jar;C:\Users\12092\.m2\repository\io\netty\netty-transport\4.1.65.Final\netty-transport-4.1.65.Final.jar;C:\Users\12092\.m2\repository\io\projectreactor\reactor-core\3.4.7\reactor-core-3.4.7.jar;C:\Users\12092\.m2\repository\org\reactivestreams\reactive-streams\1.0.3\reactive-streams-1.0.3.jar;C:\Users\12092\.m2\repository\org\projectlombok\lombok\1.18.20\lombok-1.18.20.jar;C:\Users\12092\.m2\repository\cn\hutool\hutool-all\5.6.3\hutool-all-5.6.3.jar;C:\Users\12092\.m2\repository\cn\dev33\sa-token-spring-boot-starter\1.28.0\sa-token-spring-boot-starter-1.28.0.jar;C:\Users\12092\.m2\repository\cn\dev33\sa-token-servlet\1.28.0\sa-token-servlet-1.28.0.jar;C:\Users\12092\.m2\repository\cn\dev33\sa-token-dao-redis\1.28.0\sa-token-dao-redis-1.28.0.jar;C:\Users\12092\.m2\repository\cn\dev33\sa-token-core\1.28.0\sa-token-core-1.28.0.jar;C:\Users\12092\.m2\repository\org\apache\commons\commons-pool2\2.9.0\commons-pool2-2.9.0.jar;C:\Users\12092\.m2\repository\com\qiniu\qiniu-java-sdk\7.7.0\qiniu-java-sdk-7.7.0.jar;C:\Users\12092\.m2\repository\com\squareup\okhttp3\okhttp\3.14.9\okhttp-3.14.9.jar;C:\Users\12092\.m2\repository\com\squareup\okio\okio\1.17.2\okio-1.17.2.jar;C:\Users\12092\.m2\repository\com\google\code\gson\gson\2.6\gson-2.6.jar;C:\Users\12092\.m2\repository\org\springframework\boot\spring-boot-starter-data-elasticsearch\2.5.2\spring-boot-starter-data-elasticsearch-2.5.2.jar;C:\Users\12092\.m2\repository\org\springframework\data\spring-data-elasticsearch\4.2.2\spring-data-elasticsearch-4.2.2.jar;C:\Users\12092\.m2\repository\org\springframework\data\spring-data-commons\2.5.2\spring-data-commons-2.5.2.jar;C:\Users\12092\.m2\repository\org\elasticsearch\plugin\transport-netty4-client\7.12.1\transport-netty4-client-7.12.1.jar;C:\Users\12092\.m2\repository\io\netty\netty-codec-http\4.1.65.Final\netty-codec-http-4.1.65.Final.jar;C:\Users\12092\.m2\repository\org\elasticsearch\client\elasticsearch-rest-high-level-client\7.12.1\elasticsearch-rest-high-level-client-7.12.1.jar;C:\Users\12092\.m2\repository\org\elasticsearch\elasticsearch\7.12.1\elasticsearch-7.12.1.jar;C:\Users\12092\.m2\repository\org\elasticsearch\elasticsearch-core\7.12.1\elasticsearch-core-7.12.1.jar;C:\Users\12092\.m2\repository\org\elasticsearch\elasticsearch-secure-sm\7.12.1\elasticsearch-secure-sm-7.12.1.jar;C:\Users\12092\.m2\repository\org\elasticsearch\elasticsearch-x-content\7.12.1\elasticsearch-x-content-7.12.1.jar;C:\Users\12092\.m2\repository\com\fasterxml\jackson\dataformat\jackson-dataformat-smile\2.12.3\jackson-dataformat-smile-2.12.3.jar;C:\Users\12092\.m2\repository\com\fasterxml\jackson\dataformat\jackson-dataformat-yaml\2.12.3\jackson-dataformat-yaml-2.12.3.jar;C:\Users\12092\.m2\repository\com\fasterxml\jackson\dataformat\jackson-dataformat-cbor\2.12.3\jackson-dataformat-cbor-2.12.3.jar;C:\Users\12092\.m2\repository\org\elasticsearch\elasticsearch-geo\7.12.1\elasticsearch-geo-7.12.1.jar;C:\Users\12092\.m2\repository\org\apache\lucene\lucene-core\8.8.0\lucene-core-8.8.0.jar;C:\Users\12092\.m2\repository\org\apache\lucene\lucene-analyzers-common\8.8.0\lucene-analyzers-common-8.8.0.jar;C:\Users\12092\.m2\repository\org\apache\lucene\lucene-backward-codecs\8.8.0\lucene-backward-codecs-8.8.0.jar;C:\Users\12092\.m2\repository\org\apache\lucene\lucene-grouping\8.8.0\lucene-grouping-8.8.0.jar;C:\Users\12092\.m2\repository\org\apache\lucene\lucene-highlighter\8.8.0\lucene-highlighter-8.8.0.jar;C:\Users\12092\.m2\repository\org\apache\lucene\lucene-join\8.8.0\lucene-join-8.8.0.jar;C:\Users\12092\.m2\repository\org\apache\lucene\lucene-memory\8.8.0\lucene-memory-8.8.0.jar;C:\Users\12092\.m2\repository\org\apache\lucene\lucene-misc\8.8.0\lucene-misc-8.8.0.jar;C:\Users\12092\.m2\repository\org\apache\lucene\lucene-queries\8.8.0\lucene-queries-8.8.0.jar;C:\Users\12092\.m2\repository\org\apache\lucene\lucene-queryparser\8.8.0\lucene-queryparser-8.8.0.jar;C:\Users\12092\.m2\repository\org\apache\lucene\lucene-sandbox\8.8.0\lucene-sandbox-8.8.0.jar;C:\Users\12092\.m2\repository\org\apache\lucene\lucene-spatial-extras\8.8.0\lucene-spatial-extras-8.8.0.jar;C:\Users\12092\.m2\repository\org\apache\lucene\lucene-spatial3d\8.8.0\lucene-spatial3d-8.8.0.jar;C:\Users\12092\.m2\repository\org\apache\lucene\lucene-suggest\8.8.0\lucene-suggest-8.8.0.jar;C:\Users\12092\.m2\repository\org\elasticsearch\elasticsearch-cli\7.12.1\elasticsearch-cli-7.12.1.jar;C:\Users\12092\.m2\repository\net\sf\jopt-simple\jopt-simple\5.0.2\jopt-simple-5.0.2.jar;C:\Users\12092\.m2\repository\com\carrotsearch\hppc\0.8.1\hppc-0.8.1.jar;C:\Users\12092\.m2\repository\joda-time\joda-time\2.10.4\joda-time-2.10.4.jar;C:\Users\12092\.m2\repository\com\tdunning\t-digest\3.2\t-digest-3.2.jar;C:\Users\12092\.m2\repository\org\hdrhistogram\HdrHistogram\2.1.9\HdrHistogram-2.1.9.jar;C:\Users\12092\.m2\repository\org\elasticsearch\jna\5.7.0-1\jna-5.7.0-1.jar;C:\Users\12092\.m2\repository\org\elasticsearch\elasticsearch-plugin-classloader\7.12.1\elasticsearch-plugin-classloader-7.12.1.jar;C:\Users\12092\.m2\repository\org\elasticsearch\client\elasticsearch-rest-client\7.12.1\elasticsearch-rest-client-7.12.1.jar;C:\Users\12092\.m2\repository\org\apache\httpcomponents\httpclient\4.5.13\httpclient-4.5.13.jar;C:\Users\12092\.m2\repository\org\apache\httpcomponents\httpcore\4.4.14\httpcore-4.4.14.jar;C:\Users\12092\.m2\repository\org\apache\httpcomponents\httpasyncclient\4.1.4\httpasyncclient-4.1.4.jar;C:\Users\12092\.m2\repository\org\apache\httpcomponents\httpcore-nio\4.4.14\httpcore-nio-4.4.14.jar;C:\Users\12092\.m2\repository\commons-codec\commons-codec\1.15\commons-codec-1.15.jar;C:\Users\12092\.m2\repository\org\elasticsearch\plugin\mapper-extras-client\7.12.1\mapper-extras-client-7.12.1.jar;C:\Users\12092\.m2\repository\org\elasticsearch\plugin\parent-join-client\7.12.1\parent-join-client-7.12.1.jar;C:\Users\12092\.m2\repository\org\elasticsearch\plugin\aggs-matrix-stats-client\7.12.1\aggs-matrix-stats-client-7.12.1.jar;C:\Users\12092\.m2\repository\org\elasticsearch\plugin\rank-eval-client\7.12.1\rank-eval-client-7.12.1.jar;C:\Users\12092\.m2\repository\org\elasticsearch\plugin\lang-mustache-client\7.12.1\lang-mustache-client-7.12.1.jar;C:\Users\12092\.m2\repository\com\github\spullara\mustache\java\compiler\0.9.6\compiler-0.9.6.jar;C:\Users\12092\.m2\repository\com\fasterxml\jackson\core\jackson-core\2.12.3\jackson-core-2.12.3.jar;"/>
    <property name="java.vm.vendor" value="Amazon.com Inc."/>
    <property name="sun.arch.data.model" value="64"/>
    <property name="user.variant" value=""/>
    <property name="java.vendor.url" value="https://aws.amazon.com/corretto/"/>
    <property name="user.timezone" value="Asia/Shanghai"/>
    <property name="java.vm.specification.version" value="11"/>
    <property name="os.name" value="Windows 11"/>
    <property name="sun.java.launcher" value="SUN_STANDARD"/>
    <property name="user.country" value="CN"/>
    <property name="sun.boot.library.path" value="C:\Users\12092\.jdks\corretto-11.0.17\bin"/>
    <property name="sun.java.command" value="C:\Users\12092\AppData\Local\Temp\surefire4533514049404647926\surefirebooter12061904672627066164.jar C:\Users\12092\AppData\Local\Temp\surefire4533514049404647926 2022-12-20T23-29-45_870-jvmRun1 surefire16086285771810760154tmp surefire_014039550047880168980tmp"/>
    <property name="jdk.debug" value="release"/>
    <property name="surefire.test.class.path" value="E:\JavaOpject\SpringBoot-Admin\target\test-classes;E:\JavaOpject\SpringBoot-Admin\target\classes;C:\Users\12092\.m2\repository\org\springframework\boot\spring-boot-starter-web\2.5.2\spring-boot-starter-web-2.5.2.jar;C:\Users\12092\.m2\repository\org\springframework\boot\spring-boot-starter\2.5.2\spring-boot-starter-2.5.2.jar;C:\Users\12092\.m2\repository\org\springframework\boot\spring-boot\2.5.2\spring-boot-2.5.2.jar;C:\Users\12092\.m2\repository\org\springframework\boot\spring-boot-starter-logging\2.5.2\spring-boot-starter-logging-2.5.2.jar;C:\Users\12092\.m2\repository\ch\qos\logback\logback-classic\1.2.3\logback-classic-1.2.3.jar;C:\Users\12092\.m2\repository\ch\qos\logback\logback-core\1.2.3\logback-core-1.2.3.jar;C:\Users\12092\.m2\repository\org\apache\logging\log4j\log4j-to-slf4j\2.14.1\log4j-to-slf4j-2.14.1.jar;C:\Users\12092\.m2\repository\org\apache\logging\log4j\log4j-api\2.14.1\log4j-api-2.14.1.jar;C:\Users\12092\.m2\repository\org\slf4j\jul-to-slf4j\1.7.31\jul-to-slf4j-1.7.31.jar;C:\Users\12092\.m2\repository\jakarta\annotation\jakarta.annotation-api\1.3.5\jakarta.annotation-api-1.3.5.jar;C:\Users\12092\.m2\repository\org\yaml\snakeyaml\1.28\snakeyaml-1.28.jar;C:\Users\12092\.m2\repository\org\springframework\boot\spring-boot-starter-json\2.5.2\spring-boot-starter-json-2.5.2.jar;C:\Users\12092\.m2\repository\com\fasterxml\jackson\core\jackson-databind\2.12.3\jackson-databind-2.12.3.jar;C:\Users\12092\.m2\repository\com\fasterxml\jackson\core\jackson-annotations\2.12.3\jackson-annotations-2.12.3.jar;C:\Users\12092\.m2\repository\com\fasterxml\jackson\datatype\jackson-datatype-jdk8\2.12.3\jackson-datatype-jdk8-2.12.3.jar;C:\Users\12092\.m2\repository\com\fasterxml\jackson\datatype\jackson-datatype-jsr310\2.12.3\jackson-datatype-jsr310-2.12.3.jar;C:\Users\12092\.m2\repository\com\fasterxml\jackson\module\jackson-module-parameter-names\2.12.3\jackson-module-parameter-names-2.12.3.jar;C:\Users\12092\.m2\repository\org\springframework\boot\spring-boot-starter-tomcat\2.5.2\spring-boot-starter-tomcat-2.5.2.jar;C:\Users\12092\.m2\repository\org\apache\tomcat\embed\tomcat-embed-core\9.0.48\tomcat-embed-core-9.0.48.jar;C:\Users\12092\.m2\repository\org\apache\tomcat\embed\tomcat-embed-websocket\9.0.48\tomcat-embed-websocket-9.0.48.jar;C:\Users\12092\.m2\repository\org\springframework\spring-web\5.3.8\spring-web-5.3.8.jar;C:\Users\12092\.m2\repository\org\springframework\spring-beans\5.3.8\spring-beans-5.3.8.jar;C:\Users\12092\.m2\repository\org\springframework\spring-webmvc\5.3.8\spring-webmvc-5.3.8.jar;C:\Users\12092\.m2\repository\org\springframework\spring-aop\5.3.8\spring-aop-5.3.8.jar;C:\Users\12092\.m2\repository\org\springframework\spring-context\5.3.8\spring-context-5.3.8.jar;C:\Users\12092\.m2\repository\org\springframework\spring-expression\5.3.8\spring-expression-5.3.8.jar;C:\Users\12092\.m2\repository\org\springframework\boot\spring-boot-starter-test\2.5.2\spring-boot-starter-test-2.5.2.jar;C:\Users\12092\.m2\repository\org\springframework\boot\spring-boot-test\2.5.2\spring-boot-test-2.5.2.jar;C:\Users\12092\.m2\repository\org\springframework\boot\spring-boot-test-autoconfigure\2.5.2\spring-boot-test-autoconfigure-2.5.2.jar;C:\Users\12092\.m2\repository\com\jayway\jsonpath\json-path\2.5.0\json-path-2.5.0.jar;C:\Users\12092\.m2\repository\net\minidev\json-smart\2.4.7\json-smart-2.4.7.jar;C:\Users\12092\.m2\repository\net\minidev\accessors-smart\2.4.7\accessors-smart-2.4.7.jar;C:\Users\12092\.m2\repository\org\ow2\asm\asm\9.1\asm-9.1.jar;C:\Users\12092\.m2\repository\jakarta\xml\bind\jakarta.xml.bind-api\2.3.3\jakarta.xml.bind-api-2.3.3.jar;C:\Users\12092\.m2\repository\jakarta\activation\jakarta.activation-api\1.2.2\jakarta.activation-api-1.2.2.jar;C:\Users\12092\.m2\repository\org\assertj\assertj-core\3.19.0\assertj-core-3.19.0.jar;C:\Users\12092\.m2\repository\org\hamcrest\hamcrest\2.2\hamcrest-2.2.jar;C:\Users\12092\.m2\repository\org\junit\jupiter\junit-jupiter\5.7.2\junit-jupiter-5.7.2.jar;C:\Users\12092\.m2\repository\org\junit\jupiter\junit-jupiter-api\5.7.2\junit-jupiter-api-5.7.2.jar;C:\Users\12092\.m2\repository\org\apiguardian\apiguardian-api\1.1.0\apiguardian-api-1.1.0.jar;C:\Users\12092\.m2\repository\org\opentest4j\opentest4j\1.2.0\opentest4j-1.2.0.jar;C:\Users\12092\.m2\repository\org\junit\platform\junit-platform-commons\1.7.2\junit-platform-commons-1.7.2.jar;C:\Users\12092\.m2\repository\org\junit\jupiter\junit-jupiter-params\5.7.2\junit-jupiter-params-5.7.2.jar;C:\Users\12092\.m2\repository\org\junit\jupiter\junit-jupiter-engine\5.7.2\junit-jupiter-engine-5.7.2.jar;C:\Users\12092\.m2\repository\org\junit\platform\junit-platform-engine\1.7.2\junit-platform-engine-1.7.2.jar;C:\Users\12092\.m2\repository\org\mockito\mockito-core\3.9.0\mockito-core-3.9.0.jar;C:\Users\12092\.m2\repository\net\bytebuddy\byte-buddy\1.10.22\byte-buddy-1.10.22.jar;C:\Users\12092\.m2\repository\net\bytebuddy\byte-buddy-agent\1.10.22\byte-buddy-agent-1.10.22.jar;C:\Users\12092\.m2\repository\org\objenesis\objenesis\3.2\objenesis-3.2.jar;C:\Users\12092\.m2\repository\org\mockito\mockito-junit-jupiter\3.9.0\mockito-junit-jupiter-3.9.0.jar;C:\Users\12092\.m2\repository\org\skyscreamer\jsonassert\1.5.0\jsonassert-1.5.0.jar;C:\Users\12092\.m2\repository\com\vaadin\external\google\android-json\0.0.20131108.vaadin1\android-json-0.0.20131108.vaadin1.jar;C:\Users\12092\.m2\repository\org\springframework\spring-core\5.3.8\spring-core-5.3.8.jar;C:\Users\12092\.m2\repository\org\springframework\spring-jcl\5.3.8\spring-jcl-5.3.8.jar;C:\Users\12092\.m2\repository\org\springframework\spring-test\5.3.8\spring-test-5.3.8.jar;C:\Users\12092\.m2\repository\org\xmlunit\xmlunit-core\2.8.2\xmlunit-core-2.8.2.jar;C:\Users\12092\.m2\repository\org\springframework\boot\spring-boot-starter-validation\2.5.2\spring-boot-starter-validation-2.5.2.jar;C:\Users\12092\.m2\repository\org\apache\tomcat\embed\tomcat-embed-el\9.0.48\tomcat-embed-el-9.0.48.jar;C:\Users\12092\.m2\repository\org\hibernate\validator\hibernate-validator\6.2.0.Final\hibernate-validator-6.2.0.Final.jar;C:\Users\12092\.m2\repository\jakarta\validation\jakarta.validation-api\2.0.2\jakarta.validation-api-2.0.2.jar;C:\Users\12092\.m2\repository\org\jboss\logging\jboss-logging\3.4.2.Final\jboss-logging-3.4.2.Final.jar;C:\Users\12092\.m2\repository\com\fasterxml\classmate\1.5.1\classmate-1.5.1.jar;C:\Users\12092\.m2\repository\com\alibaba\fastjson\1.2.35\fastjson-1.2.35.jar;C:\Users\12092\.m2\repository\mysql\mysql-connector-java\8.0.25\mysql-connector-java-8.0.25.jar;C:\Users\12092\.m2\repository\com\alibaba\druid-spring-boot-starter\1.1.17\druid-spring-boot-starter-1.1.17.jar;C:\Users\12092\.m2\repository\com\alibaba\druid\1.1.17\druid-1.1.17.jar;C:\Users\12092\.m2\repository\org\slf4j\slf4j-api\1.7.31\slf4j-api-1.7.31.jar;C:\Users\12092\.m2\repository\org\springframework\boot\spring-boot-autoconfigure\2.5.2\spring-boot-autoconfigure-2.5.2.jar;C:\Users\12092\.m2\repository\com\baomidou\mybatis-plus-boot-starter\3.1.0\mybatis-plus-boot-starter-3.1.0.jar;C:\Users\12092\.m2\repository\com\baomidou\mybatis-plus\3.1.0\mybatis-plus-3.1.0.jar;C:\Users\12092\.m2\repository\com\baomidou\mybatis-plus-extension\3.1.0\mybatis-plus-extension-3.1.0.jar;C:\Users\12092\.m2\repository\com\baomidou\mybatis-plus-core\3.1.0\mybatis-plus-core-3.1.0.jar;C:\Users\12092\.m2\repository\com\baomidou\mybatis-plus-annotation\3.1.0\mybatis-plus-annotation-3.1.0.jar;C:\Users\12092\.m2\repository\org\mybatis\mybatis\3.5.0\mybatis-3.5.0.jar;C:\Users\12092\.m2\repository\com\github\jsqlparser\jsqlparser\1.4\jsqlparser-1.4.jar;C:\Users\12092\.m2\repository\org\mybatis\mybatis-spring\2.0.0\mybatis-spring-2.0.0.jar;C:\Users\12092\.m2\repository\org\springframework\boot\spring-boot-starter-jdbc\2.5.2\spring-boot-starter-jdbc-2.5.2.jar;C:\Users\12092\.m2\repository\com\zaxxer\HikariCP\4.0.3\HikariCP-4.0.3.jar;C:\Users\12092\.m2\repository\org\springframework\spring-jdbc\5.3.8\spring-jdbc-5.3.8.jar;C:\Users\12092\.m2\repository\org\springframework\boot\spring-boot-starter-data-redis\2.3.4.RELEASE\spring-boot-starter-data-redis-2.3.4.RELEASE.jar;C:\Users\12092\.m2\repository\org\springframework\data\spring-data-redis\2.5.2\spring-data-redis-2.5.2.jar;C:\Users\12092\.m2\repository\org\springframework\data\spring-data-keyvalue\2.5.2\spring-data-keyvalue-2.5.2.jar;C:\Users\12092\.m2\repository\org\springframework\spring-tx\5.3.8\spring-tx-5.3.8.jar;C:\Users\12092\.m2\repository\org\springframework\spring-oxm\5.3.8\spring-oxm-5.3.8.jar;C:\Users\12092\.m2\repository\org\springframework\spring-context-support\5.3.8\spring-context-support-5.3.8.jar;C:\Users\12092\.m2\repository\io\lettuce\lettuce-core\6.1.3.RELEASE\lettuce-core-6.1.3.RELEASE.jar;C:\Users\12092\.m2\repository\io\netty\netty-common\4.1.65.Final\netty-common-4.1.65.Final.jar;C:\Users\12092\.m2\repository\io\netty\netty-handler\4.1.65.Final\netty-handler-4.1.65.Final.jar;C:\Users\12092\.m2\repository\io\netty\netty-resolver\4.1.65.Final\netty-resolver-4.1.65.Final.jar;C:\Users\12092\.m2\repository\io\netty\netty-buffer\4.1.65.Final\netty-buffer-4.1.65.Final.jar;C:\Users\12092\.m2\repository\io\netty\netty-codec\4.1.65.Final\netty-codec-4.1.65.Final.jar;C:\Users\12092\.m2\repository\io\netty\netty-transport\4.1.65.Final\netty-transport-4.1.65.Final.jar;C:\Users\12092\.m2\repository\io\projectreactor\reactor-core\3.4.7\reactor-core-3.4.7.jar;C:\Users\12092\.m2\repository\org\reactivestreams\reactive-streams\1.0.3\reactive-streams-1.0.3.jar;C:\Users\12092\.m2\repository\org\projectlombok\lombok\1.18.20\lombok-1.18.20.jar;C:\Users\12092\.m2\repository\cn\hutool\hutool-all\5.6.3\hutool-all-5.6.3.jar;C:\Users\12092\.m2\repository\cn\dev33\sa-token-spring-boot-starter\1.28.0\sa-token-spring-boot-starter-1.28.0.jar;C:\Users\12092\.m2\repository\cn\dev33\sa-token-servlet\1.28.0\sa-token-servlet-1.28.0.jar;C:\Users\12092\.m2\repository\cn\dev33\sa-token-dao-redis\1.28.0\sa-token-dao-redis-1.28.0.jar;C:\Users\12092\.m2\repository\cn\dev33\sa-token-core\1.28.0\sa-token-core-1.28.0.jar;C:\Users\12092\.m2\repository\org\apache\commons\commons-pool2\2.9.0\commons-pool2-2.9.0.jar;C:\Users\12092\.m2\repository\com\qiniu\qiniu-java-sdk\7.7.0\qiniu-java-sdk-7.7.0.jar;C:\Users\12092\.m2\repository\com\squareup\okhttp3\okhttp\3.14.9\okhttp-3.14.9.jar;C:\Users\12092\.m2\repository\com\squareup\okio\okio\1.17.2\okio-1.17.2.jar;C:\Users\12092\.m2\repository\com\google\code\gson\gson\2.6\gson-2.6.jar;C:\Users\12092\.m2\repository\org\springframework\boot\spring-boot-starter-data-elasticsearch\2.5.2\spring-boot-starter-data-elasticsearch-2.5.2.jar;C:\Users\12092\.m2\repository\org\springframework\data\spring-data-elasticsearch\4.2.2\spring-data-elasticsearch-4.2.2.jar;C:\Users\12092\.m2\repository\org\springframework\data\spring-data-commons\2.5.2\spring-data-commons-2.5.2.jar;C:\Users\12092\.m2\repository\org\elasticsearch\plugin\transport-netty4-client\7.12.1\transport-netty4-client-7.12.1.jar;C:\Users\12092\.m2\repository\io\netty\netty-codec-http\4.1.65.Final\netty-codec-http-4.1.65.Final.jar;C:\Users\12092\.m2\repository\org\elasticsearch\client\elasticsearch-rest-high-level-client\7.12.1\elasticsearch-rest-high-level-client-7.12.1.jar;C:\Users\12092\.m2\repository\org\elasticsearch\elasticsearch\7.12.1\elasticsearch-7.12.1.jar;C:\Users\12092\.m2\repository\org\elasticsearch\elasticsearch-core\7.12.1\elasticsearch-core-7.12.1.jar;C:\Users\12092\.m2\repository\org\elasticsearch\elasticsearch-secure-sm\7.12.1\elasticsearch-secure-sm-7.12.1.jar;C:\Users\12092\.m2\repository\org\elasticsearch\elasticsearch-x-content\7.12.1\elasticsearch-x-content-7.12.1.jar;C:\Users\12092\.m2\repository\com\fasterxml\jackson\dataformat\jackson-dataformat-smile\2.12.3\jackson-dataformat-smile-2.12.3.jar;C:\Users\12092\.m2\repository\com\fasterxml\jackson\dataformat\jackson-dataformat-yaml\2.12.3\jackson-dataformat-yaml-2.12.3.jar;C:\Users\12092\.m2\repository\com\fasterxml\jackson\dataformat\jackson-dataformat-cbor\2.12.3\jackson-dataformat-cbor-2.12.3.jar;C:\Users\12092\.m2\repository\org\elasticsearch\elasticsearch-geo\7.12.1\elasticsearch-geo-7.12.1.jar;C:\Users\12092\.m2\repository\org\apache\lucene\lucene-core\8.8.0\lucene-core-8.8.0.jar;C:\Users\12092\.m2\repository\org\apache\lucene\lucene-analyzers-common\8.8.0\lucene-analyzers-common-8.8.0.jar;C:\Users\12092\.m2\repository\org\apache\lucene\lucene-backward-codecs\8.8.0\lucene-backward-codecs-8.8.0.jar;C:\Users\12092\.m2\repository\org\apache\lucene\lucene-grouping\8.8.0\lucene-grouping-8.8.0.jar;C:\Users\12092\.m2\repository\org\apache\lucene\lucene-highlighter\8.8.0\lucene-highlighter-8.8.0.jar;C:\Users\12092\.m2\repository\org\apache\lucene\lucene-join\8.8.0\lucene-join-8.8.0.jar;C:\Users\12092\.m2\repository\org\apache\lucene\lucene-memory\8.8.0\lucene-memory-8.8.0.jar;C:\Users\12092\.m2\repository\org\apache\lucene\lucene-misc\8.8.0\lucene-misc-8.8.0.jar;C:\Users\12092\.m2\repository\org\apache\lucene\lucene-queries\8.8.0\lucene-queries-8.8.0.jar;C:\Users\12092\.m2\repository\org\apache\lucene\lucene-queryparser\8.8.0\lucene-queryparser-8.8.0.jar;C:\Users\12092\.m2\repository\org\apache\lucene\lucene-sandbox\8.8.0\lucene-sandbox-8.8.0.jar;C:\Users\12092\.m2\repository\org\apache\lucene\lucene-spatial-extras\8.8.0\lucene-spatial-extras-8.8.0.jar;C:\Users\12092\.m2\repository\org\apache\lucene\lucene-spatial3d\8.8.0\lucene-spatial3d-8.8.0.jar;C:\Users\12092\.m2\repository\org\apache\lucene\lucene-suggest\8.8.0\lucene-suggest-8.8.0.jar;C:\Users\12092\.m2\repository\org\elasticsearch\elasticsearch-cli\7.12.1\elasticsearch-cli-7.12.1.jar;C:\Users\12092\.m2\repository\net\sf\jopt-simple\jopt-simple\5.0.2\jopt-simple-5.0.2.jar;C:\Users\12092\.m2\repository\com\carrotsearch\hppc\0.8.1\hppc-0.8.1.jar;C:\Users\12092\.m2\repository\joda-time\joda-time\2.10.4\joda-time-2.10.4.jar;C:\Users\12092\.m2\repository\com\tdunning\t-digest\3.2\t-digest-3.2.jar;C:\Users\12092\.m2\repository\org\hdrhistogram\HdrHistogram\2.1.9\HdrHistogram-2.1.9.jar;C:\Users\12092\.m2\repository\org\elasticsearch\jna\5.7.0-1\jna-5.7.0-1.jar;C:\Users\12092\.m2\repository\org\elasticsearch\elasticsearch-plugin-classloader\7.12.1\elasticsearch-plugin-classloader-7.12.1.jar;C:\Users\12092\.m2\repository\org\elasticsearch\client\elasticsearch-rest-client\7.12.1\elasticsearch-rest-client-7.12.1.jar;C:\Users\12092\.m2\repository\org\apache\httpcomponents\httpclient\4.5.13\httpclient-4.5.13.jar;C:\Users\12092\.m2\repository\org\apache\httpcomponents\httpcore\4.4.14\httpcore-4.4.14.jar;C:\Users\12092\.m2\repository\org\apache\httpcomponents\httpasyncclient\4.1.4\httpasyncclient-4.1.4.jar;C:\Users\12092\.m2\repository\org\apache\httpcomponents\httpcore-nio\4.4.14\httpcore-nio-4.4.14.jar;C:\Users\12092\.m2\repository\commons-codec\commons-codec\1.15\commons-codec-1.15.jar;C:\Users\12092\.m2\repository\org\elasticsearch\plugin\mapper-extras-client\7.12.1\mapper-extras-client-7.12.1.jar;C:\Users\12092\.m2\repository\org\elasticsearch\plugin\parent-join-client\7.12.1\parent-join-client-7.12.1.jar;C:\Users\12092\.m2\repository\org\elasticsearch\plugin\aggs-matrix-stats-client\7.12.1\aggs-matrix-stats-client-7.12.1.jar;C:\Users\12092\.m2\repository\org\elasticsearch\plugin\rank-eval-client\7.12.1\rank-eval-client-7.12.1.jar;C:\Users\12092\.m2\repository\org\elasticsearch\plugin\lang-mustache-client\7.12.1\lang-mustache-client-7.12.1.jar;C:\Users\12092\.m2\repository\com\github\spullara\mustache\java\compiler\0.9.6\compiler-0.9.6.jar;C:\Users\12092\.m2\repository\com\fasterxml\jackson\core\jackson-core\2.12.3\jackson-core-2.12.3.jar;"/>
    <property name="sun.cpu.endian" value="little"/>
    <property name="user.home" value="C:\Users\12092"/>
    <property name="user.language" value="zh"/>
    <property name="java.specification.vendor" value="Oracle Corporation"/>
    <property name="java.version.date" value="2022-10-18"/>
    <property name="java.home" value="C:\Users\12092\.jdks\corretto-11.0.17"/>
    <property name="file.separator" value="\"/>
    <property name="basedir" value="E:\JavaOpject\SpringBoot-Admin"/>
    <property name="java.vm.compressedOopsMode" value="Zero based"/>
    <property name="line.separator" value="&#10;"/>
    <property name="java.specification.name" value="Java Platform API Specification"/>
    <property name="java.vm.specification.vendor" value="Oracle Corporation"/>
    <property name="java.awt.graphicsenv" value="sun.awt.Win32GraphicsEnvironment"/>
    <property name="surefire.real.class.path" value="C:\Users\12092\AppData\Local\Temp\surefire4533514049404647926\surefirebooter12061904672627066164.jar"/>
    <property name="user.script" value=""/>
    <property name="sun.management.compiler" value="HotSpot 64-Bit Tiered Compilers"/>
    <property name="java.runtime.version" value="11.0.17+8-LTS"/>
    <property name="user.name" value="12092"/>
    <property name="path.separator" value=";"/>
    <property name="os.version" value="10.0"/>
    <property name="java.runtime.name" value="OpenJDK Runtime Environment"/>
    <property name="file.encoding" value="GBK"/>
    <property name="java.vm.name" value="OpenJDK 64-Bit Server VM"/>
    <property name="java.vendor.version" value="Corretto-11.0.17.8.1"/>
    <property name="localRepository" value="C:\Users\12092\.m2\repository"/>
    <property name="java.vendor.url.bug" value="https://github.com/corretto/corretto-11/issues/"/>
    <property name="java.io.tmpdir" value="C:\Users\12092\AppData\Local\Temp\"/>
    <property name="idea.version" value="2022.3"/>
    <property name="java.version" value="11.0.17"/>
    <property name="user.dir" value="E:\JavaOpject\SpringBoot-Admin"/>
    <property name="os.arch" value="amd64"/>
    <property name="java.vm.specification.name" value="Java Virtual Machine Specification"/>
    <property name="java.awt.printerjob" value="sun.awt.windows.WPrinterJob"/>
    <property name="sun.os.patch.level" value=""/>
    <property name="java.library.path" value="C:\Users\12092\.jdks\corretto-11.0.17\bin;C:\WINDOWS\Sun\Java\bin;C:\WINDOWS\system32;C:\WINDOWS;C:\Program Files\Eclipse Adoptium\jdk-17.0.5.8-hotspot\bin;C:\Program Files (x86)\Common Files\Oracle\Java\javapath;E:\VMware\VMware Workstation\bin\;C:\Program Files (x86)\Common Files\Intel\Shared Libraries\redist\intel64_win\compiler;C:\Program Files\PlasticSCM5\server;C:\Program Files\PlasticSCM5\client;C:\Windows\system32;C:\Windows;C:\Windows\System32\Wbem;C:\Windows\System32\WindowsPowerShell\v1.0\;C:\Windows\System32\OpenSSH\;D:\Bandizip\;C:\Program Files\NVIDIA Corporation\NVIDIA NvDLISR;C:\Program Files (x86)\NVIDIA Corporation\PhysX\Common;C:\WINDOWS\system32;C:\WINDOWS;C:\WINDOWS\System32\Wbem;C:\WINDOWS\System32\WindowsPowerShell\v1.0\;C:\WINDOWS\System32\OpenSSH\;E:\MySQL_Server\bin;E:\MATLAB\R2022a\bin;C:\Program Files\dotnet\;C:\Program Files\Azure Data Studio\bin;C:\Program Files (x86)\Microsoft SQL Server\150\DTS\Binn\;E:\File Converter\ffmpeg.exe;E:\ffmpeg-2022\bin;C:\Program Files\Git\cmd;E:\apache-tomcat-8.5.84\bin;C:\Program Files\Java\jdk1.8.0_351\bin;E:\Tomcat 10.0\lib;E:\Tomcat 10.0\bin;E:\Tomcat 10.0\lib\servlet-api.jar;E:\nvm;E:\nodejs;C:\Program Files\nodejs\;E:\Anaconda;E:\Anaconda\Library\mingw-w64\bin;E:\Anaconda\Library\usr\bin;E:\Anaconda\Library\bin;E:\Anaconda\Scripts;C:\Users\12092\AppData\Local\Microsoft\WindowsApps;E:\PyCharm 2022.1.3\bin;E:\CLion 2022.1.3\bin;E:\JetBrains Rider 2022.1.2\bin;E:\Microsoft VS Code\bin;E:\Program Files\IntelliJ IDEA 2022.2.1\bin;C:\Users\12092\.dotnet\tools;C:\Program Files\dotnet;C:\Users\12092\AppData\Local\GitHubDesktop\bin;E:\Fiddler;C:\Program Files\Azure Data Studio\bin;E:\File Converter\ffmpeg.exe;E:\ffmpeg-2022\bin;E:\apache-tomcat-8.5.84\bin;C:\Program Files\Java\jdk1.8.0_351\bin;E:\nvm;E:\nodejs;C:\Users\12092\AppData\Roaming\npm;."/>
    <property name="java.vm.info" value="mixed mode"/>
    <property name="java.vendor" value="Amazon.com Inc."/>
    <property name="java.vm.version" value="11.0.17+8-LTS"/>
    <property name="sun.io.unicode.encoding" value="UnicodeLittle"/>
    <property name="java.class.version" value="55.0"/>
  </properties>
  <testcase name="testSet" classname="com.example.spba.SpbaApiTest" time="0.928"/>
  <testcase name="testIncr" classname="com.example.spba.SpbaApiTest" time="4.798"/>
  <testcase name="esBlogFindByTitle" classname="com.example.spba.SpbaApiTest" time="0.111">
    <error message="Connection refused: no further information; nested exception is java.lang.RuntimeException: Connection refused: no further information" type="org.springframework.dao.DataAccessResourceFailureException">org.springframework.dao.DataAccessResourceFailureException: Connection refused: no further information; nested exception is java.lang.RuntimeException: Connection refused: no further information
	at com.example.spba.SpbaApiTest.esBlogFindByTitle(SpbaApiTest.java:156)
Caused by: java.lang.RuntimeException: Connection refused: no further information
	at com.example.spba.SpbaApiTest.esBlogFindByTitle(SpbaApiTest.java:156)
Caused by: java.net.ConnectException: Connection refused: no further information
	at com.example.spba.SpbaApiTest.esBlogFindByTitle(SpbaApiTest.java:156)
Caused by: java.net.ConnectException: Connection refused: no further information
</error>
  </testcase>
  <testcase name="esBlogSave" classname="com.example.spba.SpbaApiTest" time="0.11">
    <error message="Connection refused: no further information; nested exception is java.lang.RuntimeException: Connection refused: no further information" type="org.springframework.dao.DataAccessResourceFailureException">org.springframework.dao.DataAccessResourceFailureException: Connection refused: no further information; nested exception is java.lang.RuntimeException: Connection refused: no further information
	at com.example.spba.SpbaApiTest.esBlogSave(SpbaApiTest.java:121)
Caused by: java.lang.RuntimeException: Connection refused: no further information
	at com.example.spba.SpbaApiTest.esBlogSave(SpbaApiTest.java:121)
Caused by: java.net.ConnectException: Connection refused: no further information
	at com.example.spba.SpbaApiTest.esBlogSave(SpbaApiTest.java:121)
Caused by: java.net.ConnectException: Connection refused: no further information
</error>
  </testcase>
  <testcase name="esBlogFindAll" classname="com.example.spba.SpbaApiTest" time="0.007">
    <error message="Connection refused: no further information; nested exception is java.lang.RuntimeException: Connection refused: no further information" type="org.springframework.dao.DataAccessResourceFailureException">org.springframework.dao.DataAccessResourceFailureException: Connection refused: no further information; nested exception is java.lang.RuntimeException: Connection refused: no further information
	at com.example.spba.SpbaApiTest.esBlogFindAll(SpbaApiTest.java:132)
Caused by: java.lang.RuntimeException: Connection refused: no further information
	at com.example.spba.SpbaApiTest.esBlogFindAll(SpbaApiTest.java:132)
Caused by: java.net.ConnectException: Connection refused: no further information
	at com.example.spba.SpbaApiTest.esBlogFindAll(SpbaApiTest.java:132)
Caused by: java.net.ConnectException: Connection refused: no further information
</error>
  </testcase>
  <testcase name="esBlogFindByTitleOrContent" classname="com.example.spba.SpbaApiTest" time="0.005">
    <error message="Connection refused: no further information; nested exception is java.lang.RuntimeException: Connection refused: no further information" type="org.springframework.dao.DataAccessResourceFailureException">org.springframework.dao.DataAccessResourceFailureException: Connection refused: no further information; nested exception is java.lang.RuntimeException: Connection refused: no further information
	at com.example.spba.SpbaApiTest.esBlogFindByTitleOrContent(SpbaApiTest.java:166)
Caused by: java.lang.RuntimeException: Connection refused: no further information
	at com.example.spba.SpbaApiTest.esBlogFindByTitleOrContent(SpbaApiTest.java:166)
Caused by: java.net.ConnectException: Connection refused: no further information
	at com.example.spba.SpbaApiTest.esBlogFindByTitleOrContent(SpbaApiTest.java:166)
Caused by: java.net.ConnectException: Connection refused: no further information
</error>
  </testcase>
  <testcase name="esBlogFindList" classname="com.example.spba.SpbaApiTest" time="0.01">
    <error message="Connection refused: no further information; nested exception is java.lang.RuntimeException: Connection refused: no further information" type="org.springframework.dao.DataAccessResourceFailureException">org.springframework.dao.DataAccessResourceFailureException: Connection refused: no further information; nested exception is java.lang.RuntimeException: Connection refused: no further information
	at com.example.spba.SpbaApiTest.esBlogFindList(SpbaApiTest.java:147)
Caused by: java.lang.RuntimeException: Connection refused: no further information
	at com.example.spba.SpbaApiTest.esBlogFindList(SpbaApiTest.java:147)
Caused by: java.net.ConnectException: Connection refused: no further information
	at com.example.spba.SpbaApiTest.esBlogFindList(SpbaApiTest.java:147)
Caused by: java.net.ConnectException: Connection refused: no further information
</error>
  </testcase>
</testsuite>